<?xml version="1.0" encoding="UTF-8"?>
<!-- Generated by org.testng.reporters.JUnitReportReporter -->
<testsuite hostname="Zafar" failures="0" tests="5" name="practice.Pratic" time="0.022" errors="0" timestamp="2023-03-10T15:09:25 IST" skipped="0">
  <testcase classname="practice.Pratic" name="test4" time="0.002"/>
  <system-out/>
  <testcase classname="practice.Pratic" name="test5" time="0.002"/>
  <system-out/>
  <testcase classname="practice.Pratic" name="test1" time="0.015"/>
  <system-out/>
  <testcase classname="practice.Pratic" name="test2" time="0.002"/>
  <system-out/>
  <testcase classname="practice.Pratic" name="test3" time="0.001"/>
  <system-out/>
</testsuite> <!-- practice.Pratic -->
